<?xml version="1.0" encoding="UTF-8"?>
<!-- Generated by org.testng.reporters.JUnitXMLReporter -->
<testsuite ignored="0" hostname="DESKTOP-7KF4DCN" failures="1" tests="1" name="Default test" time="142.77" errors="0" timestamp="2026-01-08T16:57:43 IST">
  <testcase classname="io.cucumber.testng.AbstractTestNGCucumberTests" name="runScenario" time="135.986">
    <failure type="java.lang.RuntimeException" message="Cart container is not displayed">
      <![CDATA[java.lang.RuntimeException: Cart container is not displayed
at stepDefinitions.AmazonStepDefinitions.I_click_on_cart_icon(AmazonStepDefinitions.java:73)
at ✽.I click on cart icon(file:///D:/CucumberJunit5/src/test/resources/features/amazon.feature:9)
]]>
    </failure>
  </testcase> <!-- runScenario -->
</testsuite> <!-- Default test -->
