<?xml version="1.0" encoding="UTF-8"?>
<testng-results ignored="0" total="1" passed="1" failed="0" skipped="0">
  <reporter-output>
  </reporter-output>
  <suite started-at="2026-01-09T13:29:19 IST" name="Suite" finished-at="2026-01-09T13:30:21 IST" duration-ms="61413">
    <groups>
      <group name="cucumber">
        <method signature="AbstractTestNGCucumberTests.runScenario(io.cucumber.testng.PickleWrapper,io.cucumber.testng.FeatureWrapper)[pri:0, instance:testRunner.Junit4Runner@10c626be]" name="runScenario" class="io.cucumber.testng.AbstractTestNGCucumberTests"/>
      </group> <!-- cucumber -->
    </groups>
    <test started-at="2026-01-09T13:29:19 IST" name="Test" finished-at="2026-01-09T13:30:21 IST" duration-ms="61413">
      <class name="testRunner.Junit4Runner">
        <test-method is-config="true" signature="setUpClass(org.testng.ITestContext)[pri:0, instance:testRunner.Junit4Runner@10c626be]" started-at="2026-01-09T13:29:19 IST" name="setUpClass" finished-at="2026-01-09T13:29:22 IST" duration-ms="2168" status="PASS">
          <params>
            <param index="0">
              <value>
                <![CDATA[org.testng.TestRunner@66314fee]]>
              </value>
            </param>
          </params>
          <reporter-output>
          </reporter-output>
        </test-method> <!-- setUpClass -->
        <test-method signature="runScenario(io.cucumber.testng.PickleWrapper,io.cucumber.testng.FeatureWrapper)[pri:0, instance:testRunner.Junit4Runner@10c626be]" started-at="2026-01-09T13:29:22 IST" name="runScenario" description="Runs Cucumber Scenarios" data-provider="scenarios" finished-at="2026-01-09T13:30:19 IST" duration-ms="57299" status="PASS">
          <params>
            <param index="0">
              <value>
                <![CDATA["Opening amazon and entering login credentials"]]>
              </value>
            </param>
            <param index="1">
              <value>
                <![CDATA["Amazon login feature"]]>
              </value>
            </param>
          </params>
          <reporter-output>
          </reporter-output>
        </test-method> <!-- runScenario -->
        <test-method is-config="true" signature="tearDownClass()[pri:0, instance:testRunner.Junit4Runner@10c626be]" started-at="2026-01-09T13:30:19 IST" name="tearDownClass" finished-at="2026-01-09T13:30:21 IST" duration-ms="1795" status="PASS">
          <reporter-output>
          </reporter-output>
        </test-method> <!-- tearDownClass -->
      </class> <!-- testRunner.Junit4Runner -->
    </test> <!-- Test -->
  </suite> <!-- Suite -->
</testng-results>
